<?xml version="1.0" encoding="UTF-8"?>
<coverage generated="1603638631112" clover="3.2.0">
  <project timestamp="1603638631112" name="All files">
    <metrics statements="83" coveredstatements="79" conditionals="54" coveredconditionals="36" methods="7" coveredmethods="7" elements="144" coveredelements="122" complexity="0" loc="83" ncloc="83" packages="1" files="4" classes="4"/>
    <file name="BlockStatement.js" path="/home/mubwa/repos/prettier-plugin-twig-enhancements/src/BlockStatement.js">
      <metrics statements="23" coveredstatements="20" conditionals="25" coveredconditionals="13" methods="1" coveredmethods="1"/>
      <line num="1" count="4" type="stmt"/>
      <line num="2" count="4" type="stmt"/>
      <line num="3" count="4" type="stmt"/>
      <line num="8" count="4" type="stmt"/>
      <line num="10" count="4" type="stmt"/>
      <line num="11" count="8" type="stmt"/>
      <line num="12" count="8" type="stmt"/>
      <line num="13" count="8" type="stmt"/>
      <line num="15" count="8" type="cond" truecount="1" falsecount="1"/>
      <line num="16" count="8" type="stmt"/>
      <line num="17" count="8" type="stmt"/>
      <line num="23" count="8" type="stmt"/>
      <line num="24" count="8" type="cond" truecount="2" falsecount="0"/>
      <line num="31" count="6" type="cond" truecount="2" falsecount="0"/>
      <line num="32" count="4" type="stmt"/>
      <line num="33" count="4" type="stmt"/>
      <line num="35" count="8" type="stmt"/>
      <line num="42" count="8" type="stmt"/>
      <line num="43" count="8" type="stmt"/>
      <line num="44" count="0" type="cond" truecount="0" falsecount="2"/>
      <line num="45" count="0" type="stmt"/>
      <line num="53" count="0" type="stmt"/>
      <line num="57" count="4" type="stmt"/>
    </file>
    <file name="Element.js" path="/home/mubwa/repos/prettier-plugin-twig-enhancements/src/Element.js">
      <metrics statements="27" coveredstatements="27" conditionals="8" coveredconditionals="8" methods="3" coveredmethods="3"/>
      <line num="1" count="4" type="stmt"/>
      <line num="2" count="4" type="stmt"/>
      <line num="8" count="4" type="stmt"/>
      <line num="10" count="4" type="stmt"/>
      <line num="11" count="27" type="stmt"/>
      <line num="12" count="27" type="stmt"/>
      <line num="14" count="27" type="cond" truecount="2" falsecount="0"/>
      <line num="17" count="27" type="cond" truecount="2" falsecount="0"/>
      <line num="19" count="27" type="cond" truecount="2" falsecount="0"/>
      <line num="20" count="13" type="stmt"/>
      <line num="26" count="14" type="stmt"/>
      <line num="29" count="4" type="stmt"/>
      <line num="30" count="27" type="stmt"/>
      <line num="33" count="4" type="stmt"/>
      <line num="35" count="27" type="stmt"/>
      <line num="36" count="27" type="stmt"/>
      <line num="37" count="27" type="stmt"/>
      <line num="38" count="27" type="stmt"/>
      <line num="40" count="27" type="cond" truecount="2" falsecount="0"/>
      <line num="41" count="24" type="stmt"/>
      <line num="43" count="24" type="stmt"/>
      <line num="44" count="24" type="stmt"/>
      <line num="45" count="24" type="stmt"/>
      <line num="46" count="24" type="stmt"/>
      <line num="53" count="24" type="stmt"/>
      <line num="56" count="3" type="stmt"/>
      <line num="59" count="4" type="stmt"/>
    </file>
    <file name="TextStatement.js" path="/home/mubwa/repos/prettier-plugin-twig-enhancements/src/TextStatement.js">
      <metrics statements="29" coveredstatements="28" conditionals="21" coveredconditionals="15" methods="3" coveredmethods="3"/>
      <line num="1" count="4" type="stmt"/>
      <line num="2" count="4" type="stmt"/>
      <line num="10" count="4" type="stmt"/>
      <line num="12" count="4" type="cond" truecount="1" falsecount="0"/>
      <line num="13" count="30" type="stmt"/>
      <line num="14" count="30" type="cond" truecount="1" falsecount="1"/>
      <line num="15" count="0" type="cond" truecount="0" falsecount="2"/>
      <line num="16" count="30" type="cond" truecount="2" falsecount="0"/>
      <line num="17" count="12" type="stmt"/>
      <line num="19" count="18" type="stmt"/>
      <line num="22" count="4" type="stmt"/>
      <line num="25" count="49" type="stmt"/>
      <line num="27" count="49" type="stmt"/>
      <line num="29" count="49" type="stmt"/>
      <line num="30" count="49" type="cond" truecount="4" falsecount="0"/>
      <line num="31" count="30" type="stmt"/>
      <line num="34" count="19" type="stmt"/>
      <line num="40" count="19" type="stmt"/>
      <line num="44" count="49" type="stmt"/>
      <line num="48" count="49" type="stmt"/>
      <line num="51" count="49" type="cond" truecount="2" falsecount="0"/>
      <line num="58" count="47" type="stmt"/>
      <line num="62" count="2" type="stmt"/>
      <line num="63" count="2" type="stmt"/>
      <line num="66" count="2" type="stmt"/>
      <line num="67" count="2" type="cond" truecount="1" falsecount="1"/>
      <line num="70" count="2" type="cond" truecount="1" falsecount="1"/>
      <line num="78" count="2" type="stmt"/>
      <line num="81" count="4" type="stmt"/>
    </file>
    <file name="index.js" path="/home/mubwa/repos/prettier-plugin-twig-enhancements/src/index.js">
      <metrics statements="4" coveredstatements="4" conditionals="0" coveredconditionals="0" methods="0" coveredmethods="0"/>
      <line num="1" count="4" type="stmt"/>
      <line num="2" count="4" type="stmt"/>
      <line num="3" count="4" type="stmt"/>
      <line num="5" count="4" type="stmt"/>
    </file>
  </project>
</coverage>
