{"/home/mubwa/repos/prettier-plugin-twig-enhancements/src/BlockStatement.js": {"path":"/home/mubwa/repos/prettier-plugin-twig-enhancements/src/BlockStatement.js","statementMap":{"0":{"start":{"line":1,"column":17},"end":{"line":1,"column":36}},"1":{"start":{"line":2,"column":36},"end":{"line":2,"column":57}},"2":{"start":{"line":3,"column":17},"end":{"line":3,"column":40}},"3":{"start":{"line":8,"column":4},"end":{"line":8,"column":51}},"4":{"start":{"line":10,"column":10},"end":{"line":55,"column":1}},"5":{"start":{"line":11,"column":2},"end":{"line":11,"column":34}},"6":{"start":{"line":12,"column":22},"end":{"line":12,"column":46}},"7":{"start":{"line":13,"column":28},"end":{"line":13,"column":67}},"8":{"start":{"line":15,"column":2},"end":{"line":54,"column":3}},"9":{"start":{"line":16,"column":22},"end":{"line":16,"column":46}},"10":{"start":{"line":17,"column":19},"end":{"line":22,"column":6}},"11":{"start":{"line":23,"column":18},"end":{"line":23,"column":26}},"12":{"start":{"line":24,"column":4},"end":{"line":34,"column":5}},"13":{"start":{"line":31,"column":11},"end":{"line":34,"column":5}},"14":{"start":{"line":32,"column":27},"end":{"line":32,"column":69}},"15":{"start":{"line":33,"column":6},"end":{"line":33,"column":41}},"16":{"start":{"line":35,"column":4},"end":{"line":40,"column":6}},"17":{"start":{"line":42,"column":19},"end":{"line":42,"column":39}},"18":{"start":{"line":43,"column":4},"end":{"line":43,"column":18}},"19":{"start":{"line":44,"column":9},"end":{"line":54,"column":3}},"20":{"start":{"line":45,"column":18},"end":{"line":52,"column":5}},"21":{"start":{"line":53,"column":4},"end":{"line":53,"column":25}},"22":{"start":{"line":57,"column":0},"end":{"line":59,"column":2}}},"fnMap":{"0":{"name":"(anonymous_0)","decl":{"start":{"line":10,"column":10},"end":{"line":10,"column":11}},"loc":{"start":{"line":10,"column":42},"end":{"line":55,"column":1}},"line":10}},"branchMap":{"0":{"loc":{"start":{"line":15,"column":2},"end":{"line":54,"column":3}},"type":"if","locations":[{"start":{"line":15,"column":2},"end":{"line":54,"column":3}},{"start":{"line":15,"column":2},"end":{"line":54,"column":3}}],"line":15},"1":{"loc":{"start":{"line":18,"column":6},"end":{"line":18,"column":34}},"type":"cond-expr","locations":[{"start":{"line":18,"column":22},"end":{"line":18,"column":27}},{"start":{"line":18,"column":30},"end":{"line":18,"column":34}}],"line":18},"2":{"loc":{"start":{"line":21,"column":6},"end":{"line":21,"column":42}},"type":"cond-expr","locations":[{"start":{"line":21,"column":28},"end":{"line":21,"column":34}},{"start":{"line":21,"column":37},"end":{"line":21,"column":42}}],"line":21},"3":{"loc":{"start":{"line":24,"column":4},"end":{"line":34,"column":5}},"type":"if","locations":[{"start":{"line":24,"column":4},"end":{"line":34,"column":5}},{"start":{"line":24,"column":4},"end":{"line":34,"column":5}}],"line":24},"4":{"loc":{"start":{"line":25,"column":6},"end":{"line":28,"column":48}},"type":"binary-expr","locations":[{"start":{"line":25,"column":6},"end":{"line":25,"column":28}},{"start":{"line":26,"column":6},"end":{"line":26,"column":48}},{"start":{"line":28,"column":6},"end":{"line":28,"column":48}}],"line":25},"5":{"loc":{"start":{"line":31,"column":11},"end":{"line":34,"column":5}},"type":"if","locations":[{"start":{"line":31,"column":11},"end":{"line":34,"column":5}},{"start":{"line":31,"column":11},"end":{"line":34,"column":5}}],"line":31},"6":{"loc":{"start":{"line":36,"column":6},"end":{"line":36,"column":42}},"type":"cond-expr","locations":[{"start":{"line":36,"column":30},"end":{"line":36,"column":35}},{"start":{"line":36,"column":38},"end":{"line":36,"column":42}}],"line":36},"7":{"loc":{"start":{"line":38,"column":6},"end":{"line":38,"column":55}},"type":"cond-expr","locations":[{"start":{"line":38,"column":26},"end":{"line":38,"column":50}},{"start":{"line":38,"column":53},"end":{"line":38,"column":55}}],"line":38},"8":{"loc":{"start":{"line":39,"column":6},"end":{"line":39,"column":37}},"type":"cond-expr","locations":[{"start":{"line":39,"column":23},"end":{"line":39,"column":29}},{"start":{"line":39,"column":32},"end":{"line":39,"column":37}}],"line":39},"9":{"loc":{"start":{"line":44,"column":9},"end":{"line":54,"column":3}},"type":"if","locations":[{"start":{"line":44,"column":9},"end":{"line":54,"column":3}},{"start":{"line":44,"column":9},"end":{"line":54,"column":3}}],"line":44},"10":{"loc":{"start":{"line":46,"column":6},"end":{"line":46,"column":34}},"type":"cond-expr","locations":[{"start":{"line":46,"column":22},"end":{"line":46,"column":27}},{"start":{"line":46,"column":30},"end":{"line":46,"column":34}}],"line":46},"11":{"loc":{"start":{"line":51,"column":6},"end":{"line":51,"column":37}},"type":"cond-expr","locations":[{"start":{"line":51,"column":23},"end":{"line":51,"column":29}},{"start":{"line":51,"column":32},"end":{"line":51,"column":37}}],"line":51}},"s":{"0":4,"1":4,"2":4,"3":4,"4":4,"5":8,"6":8,"7":8,"8":8,"9":8,"10":8,"11":8,"12":8,"13":6,"14":4,"15":4,"16":8,"17":8,"18":8,"19":0,"20":0,"21":0,"22":4},"f":{"0":8},"b":{"0":[8,0],"1":[0,8],"2":[0,8],"3":[2,6],"4":[8,4,4],"5":[4,2],"6":[0,8],"7":[0,8],"8":[0,8],"9":[0,0],"10":[0,0],"11":[0,0]},"inputSourceMap":null,"_coverageSchema":"1a1c01bbd47fc00a2c39e90264f33305004495a9","hash":"e6c3282ad171fcd9229866f81de891d508e84f6a"}
,"/home/mubwa/repos/prettier-plugin-twig-enhancements/src/Element.js": {"path":"/home/mubwa/repos/prettier-plugin-twig-enhancements/src/Element.js","statementMap":{"0":{"start":{"line":1,"column":17},"end":{"line":1,"column":36}},"1":{"start":{"line":2,"column":56},"end":{"line":2,"column":77}},"2":{"start":{"line":8,"column":4},"end":{"line":8,"column":51}},"3":{"start":{"line":10,"column":24},"end":{"line":27,"column":1}},"4":{"start":{"line":11,"column":17},"end":{"line":11,"column":32}},"5":{"start":{"line":12,"column":28},"end":{"line":12,"column":77}},"6":{"start":{"line":14,"column":24},"end":{"line":16,"column":29}},"7":{"start":{"line":17,"column":24},"end":{"line":17,"column":69}},"8":{"start":{"line":19,"column":2},"end":{"line":25,"column":3}},"9":{"start":{"line":20,"column":4},"end":{"line":24,"column":7}},"10":{"start":{"line":26,"column":2},"end":{"line":26,"column":41}},"11":{"start":{"line":29,"column":27},"end":{"line":31,"column":1}},"12":{"start":{"line":30,"column":2},"end":{"line":30,"column":68}},"13":{"start":{"line":33,"column":10},"end":{"line":57,"column":1}},"14":{"start":{"line":35,"column":2},"end":{"line":35,"column":33}},"15":{"start":{"line":36,"column":23},"end":{"line":36,"column":64}},"16":{"start":{"line":37,"column":2},"end":{"line":37,"column":34}},"17":{"start":{"line":38,"column":2},"end":{"line":38,"column":36}},"18":{"start":{"line":40,"column":2},"end":{"line":54,"column":3}},"19":{"start":{"line":41,"column":4},"end":{"line":41,"column":63}},"20":{"start":{"line":43,"column":24},"end":{"line":43,"column":71}},"21":{"start":{"line":44,"column":27},"end":{"line":44,"column":46}},"22":{"start":{"line":45,"column":23},"end":{"line":45,"column":53}},"23":{"start":{"line":46,"column":19},"end":{"line":51,"column":5}},"24":{"start":{"line":53,"column":4},"end":{"line":53,"column":33}},"25":{"start":{"line":56,"column":2},"end":{"line":56,"column":22}},"26":{"start":{"line":59,"column":0},"end":{"line":61,"column":2}}},"fnMap":{"0":{"name":"(anonymous_0)","decl":{"start":{"line":10,"column":24},"end":{"line":10,"column":25}},"loc":{"start":{"line":10,"column":47},"end":{"line":27,"column":1}},"line":10},"1":{"name":"(anonymous_1)","decl":{"start":{"line":29,"column":27},"end":{"line":29,"column":28}},"loc":{"start":{"line":29,"column":65},"end":{"line":31,"column":1}},"line":29},"2":{"name":"(anonymous_2)","decl":{"start":{"line":33,"column":10},"end":{"line":33,"column":11}},"loc":{"start":{"line":33,"column":33},"end":{"line":57,"column":1}},"line":33}},"branchMap":{"0":{"loc":{"start":{"line":14,"column":24},"end":{"line":16,"column":29}},"type":"cond-expr","locations":[{"start":{"line":15,"column":6},"end":{"line":15,"column":26}},{"start":{"line":16,"column":6},"end":{"line":16,"column":29}}],"line":14},"1":{"loc":{"start":{"line":17,"column":24},"end":{"line":17,"column":69}},"type":"binary-expr","locations":[{"start":{"line":17,"column":24},"end":{"line":17,"column":39}},{"start":{"line":17,"column":43},"end":{"line":17,"column":69}}],"line":17},"2":{"loc":{"start":{"line":19,"column":2},"end":{"line":25,"column":3}},"type":"if","locations":[{"start":{"line":19,"column":2},"end":{"line":25,"column":3}},{"start":{"line":19,"column":2},"end":{"line":25,"column":3}}],"line":19},"3":{"loc":{"start":{"line":40,"column":2},"end":{"line":54,"column":3}},"type":"if","locations":[{"start":{"line":40,"column":2},"end":{"line":54,"column":3}},{"start":{"line":40,"column":2},"end":{"line":54,"column":3}}],"line":40}},"s":{"0":4,"1":4,"2":4,"3":4,"4":27,"5":27,"6":27,"7":27,"8":27,"9":13,"10":14,"11":4,"12":27,"13":4,"14":27,"15":27,"16":27,"17":27,"18":27,"19":24,"20":24,"21":24,"22":24,"23":24,"24":24,"25":3,"26":4},"f":{"0":27,"1":27,"2":27},"b":{"0":[3,24],"1":[27,27],"2":[13,14],"3":[24,3]},"inputSourceMap":null,"_coverageSchema":"1a1c01bbd47fc00a2c39e90264f33305004495a9","hash":"750728fd749fb2f413348a85a8e8adb7930268a3"}
,"/home/mubwa/repos/prettier-plugin-twig-enhancements/src/TextStatement.js": {"path":"/home/mubwa/repos/prettier-plugin-twig-enhancements/src/TextStatement.js","statementMap":{"0":{"start":{"line":1,"column":17},"end":{"line":1,"column":36}},"1":{"start":{"line":2,"column":45},"end":{"line":2,"column":66}},"2":{"start":{"line":10,"column":4},"end":{"line":10,"column":51}},"3":{"start":{"line":12,"column":21},"end":{"line":20,"column":1}},"4":{"start":{"line":13,"column":22},"end":{"line":13,"column":38}},"5":{"start":{"line":14,"column":2},"end":{"line":18,"column":3}},"6":{"start":{"line":15,"column":4},"end":{"line":15,"column":46}},"7":{"start":{"line":16,"column":9},"end":{"line":18,"column":3}},"8":{"start":{"line":17,"column":4},"end":{"line":17,"column":20}},"9":{"start":{"line":19,"column":2},"end":{"line":19,"column":38}},"10":{"start":{"line":22,"column":10},"end":{"line":41,"column":1}},"11":{"start":{"line":25,"column":36},"end":{"line":25,"column":78}},"12":{"start":{"line":27,"column":4},"end":{"line":27,"column":47}},"13":{"start":{"line":29,"column":20},"end":{"line":29,"column":45}},"14":{"start":{"line":30,"column":2},"end":{"line":32,"column":3}},"15":{"start":{"line":31,"column":4},"end":{"line":31,"column":35}},"16":{"start":{"line":34,"column":21},"end":{"line":38,"column":3}},"17":{"start":{"line":40,"column":2},"end":{"line":40,"column":56}},"18":{"start":{"line":44,"column":18},"end":{"line":44,"column":28}},"19":{"start":{"line":48,"column":27},"end":{"line":48,"column":82}},"20":{"start":{"line":51,"column":2},"end":{"line":59,"column":3}},"21":{"start":{"line":58,"column":4},"end":{"line":58,"column":41}},"22":{"start":{"line":62,"column":15},"end":{"line":62,"column":53}},"23":{"start":{"line":63,"column":2},"end":{"line":63,"column":45}},"24":{"start":{"line":66,"column":16},"end":{"line":66,"column":26}},"25":{"start":{"line":67,"column":19},"end":{"line":67,"column":78}},"26":{"start":{"line":70,"column":24},"end":{"line":76,"column":8}},"27":{"start":{"line":78,"column":2},"end":{"line":78,"column":72}},"28":{"start":{"line":81,"column":0},"end":{"line":83,"column":2}}},"fnMap":{"0":{"name":"(anonymous_0)","decl":{"start":{"line":12,"column":21},"end":{"line":12,"column":22}},"loc":{"start":{"line":12,"column":55},"end":{"line":20,"column":1}},"line":12},"1":{"name":"(anonymous_1)","decl":{"start":{"line":22,"column":10},"end":{"line":22,"column":11}},"loc":{"start":{"line":22,"column":33},"end":{"line":41,"column":1}},"line":22},"2":{"name":"printTextStatementWithFrontMatter","decl":{"start":{"line":43,"column":9},"end":{"line":43,"column":42}},"loc":{"start":{"line":43,"column":71},"end":{"line":79,"column":1}},"line":43}},"branchMap":{"0":{"loc":{"start":{"line":12,"column":25},"end":{"line":12,"column":50}},"type":"default-arg","locations":[{"start":{"line":12,"column":46},"end":{"line":12,"column":50}}],"line":12},"1":{"loc":{"start":{"line":14,"column":2},"end":{"line":18,"column":3}},"type":"if","locations":[{"start":{"line":14,"column":2},"end":{"line":18,"column":3}},{"start":{"line":14,"column":2},"end":{"line":18,"column":3}}],"line":14},"2":{"loc":{"start":{"line":15,"column":11},"end":{"line":15,"column":45}},"type":"cond-expr","locations":[{"start":{"line":15,"column":32},"end":{"line":15,"column":40}},{"start":{"line":15,"column":43},"end":{"line":15,"column":45}}],"line":15},"3":{"loc":{"start":{"line":16,"column":9},"end":{"line":18,"column":3}},"type":"if","locations":[{"start":{"line":16,"column":9},"end":{"line":18,"column":3}},{"start":{"line":16,"column":9},"end":{"line":18,"column":3}}],"line":16},"4":{"loc":{"start":{"line":30,"column":2},"end":{"line":32,"column":3}},"type":"if","locations":[{"start":{"line":30,"column":2},"end":{"line":32,"column":3}},{"start":{"line":30,"column":2},"end":{"line":32,"column":3}}],"line":30},"5":{"loc":{"start":{"line":30,"column":6},"end":{"line":30,"column":56}},"type":"binary-expr","locations":[{"start":{"line":30,"column":6},"end":{"line":30,"column":33}},{"start":{"line":30,"column":37},"end":{"line":30,"column":56}}],"line":30},"6":{"loc":{"start":{"line":51,"column":2},"end":{"line":59,"column":3}},"type":"if","locations":[{"start":{"line":51,"column":2},"end":{"line":59,"column":3}},{"start":{"line":51,"column":2},"end":{"line":59,"column":3}}],"line":51},"7":{"loc":{"start":{"line":52,"column":4},"end":{"line":53,"column":62}},"type":"binary-expr","locations":[{"start":{"line":52,"column":4},"end":{"line":52,"column":30}},{"start":{"line":53,"column":4},"end":{"line":53,"column":62}}],"line":52},"8":{"loc":{"start":{"line":67,"column":19},"end":{"line":67,"column":78}},"type":"cond-expr","locations":[{"start":{"line":67,"column":29},"end":{"line":67,"column":73}},{"start":{"line":67,"column":76},"end":{"line":67,"column":78}}],"line":67},"9":{"loc":{"start":{"line":70,"column":24},"end":{"line":76,"column":8}},"type":"cond-expr","locations":[{"start":{"line":71,"column":6},"end":{"line":75,"column":7}},{"start":{"line":76,"column":6},"end":{"line":76,"column":8}}],"line":70},"10":{"loc":{"start":{"line":73,"column":8},"end":{"line":73,"column":45}},"type":"cond-expr","locations":[{"start":{"line":73,"column":32},"end":{"line":73,"column":34}},{"start":{"line":73,"column":37},"end":{"line":73,"column":45}}],"line":73}},"s":{"0":4,"1":4,"2":4,"3":4,"4":30,"5":30,"6":0,"7":30,"8":12,"9":18,"10":4,"11":49,"12":49,"13":49,"14":49,"15":30,"16":19,"17":19,"18":49,"19":49,"20":49,"21":47,"22":2,"23":2,"24":2,"25":2,"26":2,"27":2,"28":4},"f":{"0":30,"1":49,"2":49},"b":{"0":[30],"1":[0,30],"2":[0,0],"3":[12,18],"4":[30,19],"5":[49,30],"6":[47,2],"7":[49,2],"8":[2,0],"9":[2,0],"10":[2,0]},"inputSourceMap":null,"_coverageSchema":"1a1c01bbd47fc00a2c39e90264f33305004495a9","hash":"a6e55caa5876c2123cae0cef4a966771dbaf7731"}
,"/home/mubwa/repos/prettier-plugin-twig-enhancements/src/index.js": {"path":"/home/mubwa/repos/prettier-plugin-twig-enhancements/src/index.js","statementMap":{"0":{"start":{"line":1,"column":31},"end":{"line":1,"column":57}},"1":{"start":{"line":2,"column":25},"end":{"line":2,"column":45}},"2":{"start":{"line":3,"column":32},"end":{"line":3,"column":59}},"3":{"start":{"line":5,"column":0},"end":{"line":12,"column":2}}},"fnMap":{},"branchMap":{},"s":{"0":4,"1":4,"2":4,"3":4},"f":{},"b":{},"inputSourceMap":null,"_coverageSchema":"1a1c01bbd47fc00a2c39e90264f33305004495a9","hash":"48b3c68e24df0790b4f69562ec6ed79f09a43066"}
}
