TN:
SF:src/BlockStatement.js
FN:10,(anonymous_0)
FNF:1
FNH:1
FNDA:8,(anonymous_0)
DA:1,4
DA:2,4
DA:3,4
DA:8,4
DA:10,4
DA:11,8
DA:12,8
DA:13,8
DA:15,8
DA:16,8
DA:17,8
DA:23,8
DA:24,8
DA:31,6
DA:32,4
DA:33,4
DA:35,8
DA:42,8
DA:43,8
DA:44,0
DA:45,0
DA:53,0
DA:57,4
LF:23
LH:20
BRDA:15,0,0,8
BRDA:15,0,1,0
BRDA:18,1,0,0
BRDA:18,1,1,8
BRDA:21,2,0,0
BRDA:21,2,1,8
BRDA:24,3,0,2
BRDA:24,3,1,6
BRDA:25,4,0,8
BRDA:25,4,1,4
BRDA:25,4,2,4
BRDA:31,5,0,4
BRDA:31,5,1,2
BRDA:36,6,0,0
BRDA:36,6,1,8
BRDA:38,7,0,0
BRDA:38,7,1,8
BRDA:39,8,0,0
BRDA:39,8,1,8
BRDA:44,9,0,0
BRDA:44,9,1,0
BRDA:46,10,0,0
BRDA:46,10,1,0
BRDA:51,11,0,0
BRDA:51,11,1,0
BRF:25
BRH:13
end_of_record
TN:
SF:src/Element.js
FN:10,(anonymous_0)
FN:29,(anonymous_1)
FN:33,(anonymous_2)
FNF:3
FNH:3
FNDA:27,(anonymous_0)
FNDA:27,(anonymous_1)
FNDA:27,(anonymous_2)
DA:1,4
DA:2,4
DA:8,4
DA:10,4
DA:11,27
DA:12,27
DA:14,27
DA:17,27
DA:19,27
DA:20,13
DA:26,14
DA:29,4
DA:30,27
DA:33,4
DA:35,27
DA:36,27
DA:37,27
DA:38,27
DA:40,27
DA:41,24
DA:43,24
DA:44,24
DA:45,24
DA:46,24
DA:53,24
DA:56,3
DA:59,4
LF:27
LH:27
BRDA:14,0,0,3
BRDA:14,0,1,24
BRDA:17,1,0,27
BRDA:17,1,1,27
BRDA:19,2,0,13
BRDA:19,2,1,14
BRDA:40,3,0,24
BRDA:40,3,1,3
BRF:8
BRH:8
end_of_record
TN:
SF:src/TextStatement.js
FN:12,(anonymous_0)
FN:22,(anonymous_1)
FN:43,printTextStatementWithFrontMatter
FNF:3
FNH:3
FNDA:30,(anonymous_0)
FNDA:49,(anonymous_1)
FNDA:49,printTextStatementWithFrontMatter
DA:1,4
DA:2,4
DA:10,4
DA:12,4
DA:13,30
DA:14,30
DA:15,0
DA:16,30
DA:17,12
DA:19,18
DA:22,4
DA:25,49
DA:27,49
DA:29,49
DA:30,49
DA:31,30
DA:34,19
DA:40,19
DA:44,49
DA:48,49
DA:51,49
DA:58,47
DA:62,2
DA:63,2
DA:66,2
DA:67,2
DA:70,2
DA:78,2
DA:81,4
LF:29
LH:28
BRDA:12,0,0,30
BRDA:14,1,0,0
BRDA:14,1,1,30
BRDA:15,2,0,0
BRDA:15,2,1,0
BRDA:16,3,0,12
BRDA:16,3,1,18
BRDA:30,4,0,30
BRDA:30,4,1,19
BRDA:30,5,0,49
BRDA:30,5,1,30
BRDA:51,6,0,47
BRDA:51,6,1,2
BRDA:52,7,0,49
BRDA:52,7,1,2
BRDA:67,8,0,2
BRDA:67,8,1,0
BRDA:70,9,0,2
BRDA:70,9,1,0
BRDA:73,10,0,2
BRDA:73,10,1,0
BRF:21
BRH:15
end_of_record
TN:
SF:src/index.js
FNF:0
FNH:0
DA:1,4
DA:2,4
DA:3,4
DA:5,4
LF:4
LH:4
BRF:0
BRH:0
end_of_record
